<?xml version="1.0" encoding="UTF-8"?>
<!-- Generated by org.testng.reporters.JUnitXMLReporter -->
<testsuite hostname="Chait-Lap-DVA0K4ST" ignored="5" name="Test" tests="2" failures="0" timestamp="30 Jun 2020 11:41:30 GMT" time="0.555" errors="0">
  <testcase name="@BeforeMethod launchBrowser" time="0.371" classname="com.dyt.generic.BaseClass">
    <failure type="java.lang.IllegalStateException" message="The driver executable does not exist: F:\vijju\ORS_VijayaTeam\servers\chromedriver.exe">
      <![CDATA[java.lang.IllegalStateException: The driver executable does not exist: F:\vijju\ORS_VijayaTeam\servers\chromedriver.exe
	at com.google.common.base.Preconditions.checkState(Preconditions.java:585)
	at org.openqa.selenium.remote.service.DriverService.checkExecutable(DriverService.java:146)
	at org.openqa.selenium.remote.service.DriverService.findExecutable(DriverService.java:141)
	at org.openqa.selenium.chrome.ChromeDriverService.access$000(ChromeDriverService.java:35)
	at org.openqa.selenium.chrome.ChromeDriverService$Builder.findDefaultExecutable(ChromeDriverService.java:159)
	at org.openqa.selenium.remote.service.DriverService$Builder.build(DriverService.java:355)
	at org.openqa.selenium.chrome.ChromeDriverService.createDefaultService(ChromeDriverService.java:94)
	at org.openqa.selenium.chrome.ChromeDriver.<init>(ChromeDriver.java:123)
	at com.dyt.generic.BaseClass.launchBrowser(BaseClass.java:54)
... Removed 27 stack frames]]>
    </failure>
  </testcase> <!-- @BeforeMethod launchBrowser -->
  <testcase name="@AfterMethod closeBrowser" time="0.0" classname="com.dyt.generic.BaseClass">
    <skipped/>
  </testcase> <!-- @AfterMethod closeBrowser -->
  <testcase name="@BeforeMethod launchBrowser" time="0.0" classname="com.dyt.generic.BaseClass">
    <skipped/>
  </testcase> <!-- @BeforeMethod launchBrowser -->
  <testcase name="@AfterMethod closeBrowser" time="0.0" classname="com.dyt.generic.BaseClass">
    <skipped/>
  </testcase> <!-- @AfterMethod closeBrowser -->
  <testcase name="TC001_addMainCategory" time="0.012" classname="com.dyt.ors.smokecases.Smoketestcase">
    <skipped/>
  </testcase> <!-- TC001_addMainCategory -->
  <testcase name="TC002_addSubCategory" time="0.0" classname="com.dyt.ors.smokecases.Smoketestcase">
    <skipped/>
  </testcase> <!-- TC002_addSubCategory -->
  <testcase name="TC006_editProducts" time="0.0" classname="com.dyt.ors.smokecases.Smoketestcase">
    <ignored/>
  </testcase> <!-- TC006_editProducts -->
  <testcase name="TC005_editSubCategory" time="0.0" classname="com.dyt.ors.smokecases.Smoketestcase">
    <ignored/>
  </testcase> <!-- TC005_editSubCategory -->
  <testcase name="TC007_searchProducts" time="0.0" classname="com.dyt.ors.smokecases.Smoketestcase">
    <ignored/>
  </testcase> <!-- TC007_searchProducts -->
  <testcase name="TC003_addProducts" time="0.0" classname="com.dyt.ors.smokecases.Smoketestcase">
    <ignored/>
  </testcase> <!-- TC003_addProducts -->
  <testcase name="TC004_editMainCategory" time="0.0" classname="com.dyt.ors.smokecases.Smoketestcase">
    <ignored/>
  </testcase> <!-- TC004_editMainCategory -->
</testsuite> <!-- Test -->
